<?xml version="1.0" encoding="UTF-8"?>
<robot generator="Robot 5.0.1 (Python 3.10.5 on darwin)" generated="20221221 11:50:34.309" rpa="false" schemaversion="3">
<suite id="s1" name="Verify Couponlistpage" source="/Users/abinaya/Documents/QA/QA/TestSuite/SmokeTestCommerceDashboard/verify_couponlistpage.robot">
<kw name="Run Keywords" library="BuiltIn" type="SETUP">
<arg>Open Instamojo</arg>
<arg>AND</arg>
<arg>Login to dashboard</arg>
<doc>Executes all the given keywords in a sequence.</doc>
<kw name="Open Instamojo" library="TestSetUp">
<kw name="Open Browser" library="SeleniumLibrary">
<arg>${url}</arg>
<arg>${browser}</arg>
<doc>Opens a new browser instance to the optional ``url``.</doc>
<msg timestamp="20221221 11:50:34.768" level="FAIL">Variable '${url}' not found.</msg>
<status status="FAIL" starttime="20221221 11:50:34.767" endtime="20221221 11:50:34.768"/>
</kw>
<kw name="Maximize Browser Window" library="SeleniumLibrary">
<doc>Maximizes current browser window.</doc>
<status status="NOT RUN" starttime="20221221 11:50:34.769" endtime="20221221 11:50:34.769"/>
</kw>
<kw name="Set Selenium Implicit Wait" library="SeleniumLibrary">
<arg>20s</arg>
<doc>Sets the implicit wait value used by Selenium.</doc>
<status status="NOT RUN" starttime="20221221 11:50:34.769" endtime="20221221 11:50:34.769"/>
</kw>
<status status="FAIL" starttime="20221221 11:50:34.766" endtime="20221221 11:50:34.769"/>
</kw>
<status status="FAIL" starttime="20221221 11:50:34.766" endtime="20221221 11:50:34.769"/>
</kw>
<test id="s1-t1" name="Verify coupon list page" line="14">
<tag>Smoke</tag>
<status status="FAIL" starttime="20221221 11:50:34.769" endtime="20221221 11:50:34.770">Parent suite setup failed:
Variable '${url}' not found.</status>
</test>
<kw name="Close Instamojo" library="TestSetUp" type="TEARDOWN">
<kw name="Sleep" library="BuiltIn">
<arg>2s</arg>
<doc>Pauses the test executed for the given time.</doc>
<msg timestamp="20221221 11:50:36.772" level="INFO">Slept 2 seconds</msg>
<status status="PASS" starttime="20221221 11:50:34.771" endtime="20221221 11:50:36.773"/>
</kw>
<kw name="Close All Browsers" library="SeleniumLibrary">
<doc>Closes all open browsers and resets the browser cache.</doc>
<status status="PASS" starttime="20221221 11:50:36.773" endtime="20221221 11:50:36.773"/>
</kw>
<status status="PASS" starttime="20221221 11:50:34.771" endtime="20221221 11:50:36.774"/>
</kw>
<doc>couponpage</doc>
<status status="FAIL" starttime="20221221 11:50:34.310" endtime="20221221 11:50:36.774">Suite setup failed:
Variable '${url}' not found.</status>
</suite>
<statistics>
<total>
<stat pass="0" fail="1" skip="0">All Tests</stat>
</total>
<tag>
<stat pass="0" fail="1" skip="0">Smoke</stat>
</tag>
<suite>
<stat pass="0" fail="1" skip="0" id="s1" name="Verify Couponlistpage">Verify Couponlistpage</stat>
</suite>
</statistics>
<errors>
<msg timestamp="20221221 11:50:34.682" level="ERROR">Error in file '/Users/abinaya/Documents/QA/QA/Utilites/TestSetUp.robot' on line 4: Replacing variables from setting 'Variables' failed: Variable '${env}' not found.</msg>
</errors>
</robot>
